<?xml version="1.0" encoding="UTF-8"?>
<testng-results skipped="0" failed="0" ignored="0" total="1" passed="1">
  <reporter-output>
    <line>
      <![CDATA[Setting up reports and tests getting started]]>
    </line>
    <line>
      <![CDATA[Seetings done-Test can be started]]>
    </line>
    <line>
      <![CDATA[Trying to start browser-Application ready]]>
    </line>
    <line>
      <![CDATA[Browser and Application up and running]]>
    </line>
    <line>
      <![CDATA[Test is abpout to end]]>
    </line>
    <line>
      <![CDATA[Test completed >>>Reports Generated]]>
    </line>
  </reporter-output>
  <suite name="Suite" duration-ms="11030" started-at="2020-10-05T15:45:53 EDT" finished-at="2020-10-05T15:46:04 EDT">
    <groups>
    </groups>
    <test name="Test" duration-ms="11030" started-at="2020-10-05T15:45:53 EDT" finished-at="2020-10-05T15:46:04 EDT">
      <class name="com.learnautomation.testcases.LoginTest_saucedemo">
        <test-method status="PASS" signature="setupSuite()[pri:0, instance:com.learnautomation.testcases.LoginTest_saucedemo@76f2b07d]" name="setupSuite" is-config="true" duration-ms="587" started-at="2020-10-05T15:45:52 EDT" finished-at="2020-10-05T15:45:53 EDT">
          <reporter-output>
            <line>
              <![CDATA[Setting up reports and tests getting started]]>
            </line>
            <line>
              <![CDATA[Seetings done-Test can be started]]>
            </line>
          </reporter-output>
        </test-method> <!-- setupSuite -->
        <test-method status="PASS" signature="setup()[pri:0, instance:com.learnautomation.testcases.LoginTest_saucedemo@76f2b07d]" name="setup" is-config="true" duration-ms="6826" started-at="2020-10-05T15:45:53 EDT" finished-at="2020-10-05T15:46:00 EDT">
          <reporter-output>
            <line>
              <![CDATA[Trying to start browser-Application ready]]>
            </line>
            <line>
              <![CDATA[Browser and Application up and running]]>
            </line>
          </reporter-output>
        </test-method> <!-- setup -->
        <test-method status="PASS" signature="loginApp()[pri:0, instance:com.learnautomation.testcases.LoginTest_saucedemo@76f2b07d]" name="loginApp" duration-ms="2919" started-at="2020-10-05T15:46:00 EDT" finished-at="2020-10-05T15:46:02 EDT">
          <reporter-output>
          </reporter-output>
        </test-method> <!-- loginApp -->
        <test-method status="PASS" signature="teardownMethod(org.testng.ITestResult)[pri:0, instance:com.learnautomation.testcases.LoginTest_saucedemo@76f2b07d]" name="teardownMethod" is-config="true" duration-ms="1204" started-at="2020-10-05T15:46:02 EDT" finished-at="2020-10-05T15:46:04 EDT">
          <params>
            <param index="0">
              <value>
                <![CDATA[[TestResult name=loginApp status=SUCCESS method=LoginTest_saucedemo.loginApp()[pri:0, instance:com.learnautomation.testcases.LoginTest_saucedemo@76f2b07d] output={null}]]]>
              </value>
            </param>
          </params>
          <reporter-output>
            <line>
              <![CDATA[Test is abpout to end]]>
            </line>
            <line>
              <![CDATA[Test completed >>>Reports Generated]]>
            </line>
          </reporter-output>
        </test-method> <!-- teardownMethod -->
        <test-method status="PASS" signature="teardown()[pri:0, instance:com.learnautomation.testcases.LoginTest_saucedemo@76f2b07d]" name="teardown" is-config="true" duration-ms="56" started-at="2020-10-05T15:46:04 EDT" finished-at="2020-10-05T15:46:04 EDT">
          <reporter-output>
          </reporter-output>
        </test-method> <!-- teardown -->
      </class> <!-- com.learnautomation.testcases.LoginTest_saucedemo -->
    </test> <!-- Test -->
  </suite> <!-- Suite -->
</testng-results>
